<?xml version="1.0" encoding="UTF-8"?>
<testng-results ignored="0" total="2" passed="2" failed="0" skipped="0">
  <reporter-output>
  </reporter-output>
  <suite started-at="2025-09-01T10:38:06 CEST" name="Petstore Store Suite" finished-at="2025-09-01T10:38:08 CEST" duration-ms="1703">
    <groups>
      <group name="Store">
        <method signature="StoreTests.testCreateAndDeleteOrder()[pri:0, instance:com.example.petstore.tests.store.StoreTests@3f363cf5]" name="testCreateAndDeleteOrder" class="com.example.petstore.tests.store.StoreTests"/>
        <method signature="StoreTests.testGetInventory()[pri:0, instance:com.example.petstore.tests.store.StoreTests@3f363cf5]" name="testGetInventory" class="com.example.petstore.tests.store.StoreTests"/>
      </group> <!-- Store -->
    </groups>
    <test started-at="2025-09-01T10:38:06 CEST" name="Store Tests" finished-at="2025-09-01T10:38:08 CEST" duration-ms="1703">
      <class name="com.example.petstore.tests.store.StoreTests">
        <test-method is-config="true" signature="setUp()[pri:0, instance:com.example.petstore.tests.store.StoreTests@3f363cf5]" started-at="2025-09-01T10:38:06 CEST" name="setUp" finished-at="2025-09-01T10:38:07 CEST" duration-ms="162" status="PASS">
          <reporter-output>
          </reporter-output>
        </test-method> <!-- setUp -->
        <test-method signature="testCreateAndDeleteOrder()[pri:0, instance:com.example.petstore.tests.store.StoreTests@3f363cf5]" started-at="2025-09-01T10:38:07 CEST" name="testCreateAndDeleteOrder" finished-at="2025-09-01T10:38:08 CEST" duration-ms="1498" status="PASS">
          <reporter-output>
          </reporter-output>
        </test-method> <!-- testCreateAndDeleteOrder -->
        <test-method signature="testGetInventory()[pri:0, instance:com.example.petstore.tests.store.StoreTests@3f363cf5]" started-at="2025-09-01T10:38:07 CEST" name="testGetInventory" finished-at="2025-09-01T10:38:08 CEST" duration-ms="1280" status="PASS">
          <reporter-output>
          </reporter-output>
        </test-method> <!-- testGetInventory -->
      </class> <!-- com.example.petstore.tests.store.StoreTests -->
    </test> <!-- Store Tests -->
  </suite> <!-- Petstore Store Suite -->
</testng-results>
