<?xml version="1.0" encoding="UTF-8"?>
<testsuite xmlns:xsi="http://www.w3.org/2001/XMLSchema-instance" xsi:noNamespaceSchemaLocation="https://maven.apache.org/surefire/maven-surefire-plugin/xsd/surefire-test-report-3.0.xsd" version="3.0" name="TestSuite" time="3.28" tests="2" errors="0" skipped="0" failures="0">
  <properties>
[...]
</properties>
  <testcase name="testGetInventory" classname="com.example.petstore.tests.store.StoreTests" time="1.279">
    <system-out><![CDATA[10:38:07.123 [TestNG-test-Store Tests-2] INFO  c.example.petstore.client.APIClient - GET https://petstore.swagger.io/v2/store/inventory
10:38:07.171 [TestNG-test-Store Tests-1] INFO  c.example.petstore.client.APIClient - POST https://petstore.swagger.io/v2/store/order with body: {"id":3,"petId":123,"quantity":2,"shipDate":null,"status":"placed","complete":false}
10:38:08.178 [TestNG-test-Store Tests-1] INFO  c.example.petstore.client.APIClient - <= 200 {"id":3,"petId":123,"quantity":2,"status":"placed","complete":false}
10:38:08.178 [TestNG-test-Store Tests-2] INFO  c.example.petstore.client.APIClient - <= 200 {"sold":28,"string":478,"unavailable":1,"pending":10,"available":287,"Not Available":1,"not-a-valid-status":8,"peric":3,"200":1,"available,,,":1,"klara":1,"un":1,"Available":1,"durnoy":1}
]]></system-out>
  </testcase>
  <testcase name="testCreateAndDeleteOrder" classname="com.example.petstore.tests.store.StoreTests" time="1.496">
    <system-out><![CDATA[10:38:08.435 [TestNG-test-Store Tests-1] INFO  c.example.petstore.client.APIClient - DELETE https://petstore.swagger.io/v2/store/order/3
10:38:08.574 [TestNG-test-Store Tests-1] INFO  c.example.petstore.client.APIClient - <= 200 {"code":200,"type":"unknown","message":"3"}
]]></system-out>
  </testcase>
</testsuite>